<?xml version="1.0" encoding="UTF-8"?>
<testng-results skipped="0" failed="0" ignored="0" total="1" passed="1">
  <reporter-output>
  </reporter-output>
  <suite name="Suite" duration-ms="157770" started-at="2020-07-16T22:10:09Z" finished-at="2020-07-16T22:12:47Z">
    <groups>
    </groups>
    <test name="iPhone6Real" duration-ms="157770" started-at="2020-07-16T22:10:09Z" finished-at="2020-07-16T22:12:47Z">
      <class name="com.qa.tests.Scenario1">
        <test-method status="PASS" signature="beforeTest(java.lang.String, java.lang.String, java.lang.String, java.lang.String)[pri:0, instance:com.qa.tests.Scenario1@4b553d26]" name="beforeTest" is-config="true" duration-ms="4878" started-at="2020-07-16T22:10:09Z" finished-at="2020-07-16T22:10:14Z">
          <params>
            <param index="0">
              <value>
                <![CDATA[iOS]]>
              </value>
            </param>
            <param index="1">
              <value>
                <![CDATA[8002e513b609914046f344f8cea0044663c33950]]>
              </value>
            </param>
            <param index="2">
              <value>
                <![CDATA[iPhone]]>
              </value>
            </param>
            <param index="3">
              <value>
                <![CDATA[13.4.1]]>
              </value>
            </param>
          </params>
          <reporter-output>
          </reporter-output>
        </test-method> <!-- beforeTest -->
        <test-method status="PASS" signature="beforeClass()[pri:0, instance:com.qa.tests.Scenario1@4b553d26]" name="beforeClass" is-config="true" duration-ms="4" started-at="2020-07-16T22:10:14Z" finished-at="2020-07-16T22:10:14Z">
          <reporter-output>
          </reporter-output>
        </test-method> <!-- beforeClass -->
        <test-method status="PASS" signature="beforeMethod()[pri:0, instance:com.qa.tests.Scenario1@4b553d26]" name="beforeMethod" is-config="true" duration-ms="1270" started-at="2020-07-16T22:10:14Z" finished-at="2020-07-16T22:10:15Z">
          <reporter-output>
          </reporter-output>
        </test-method> <!-- beforeMethod -->
        <test-method status="PASS" signature="beforeMethod(java.lang.reflect.Method)[pri:0, instance:com.qa.tests.Scenario1@4b553d26]" name="beforeMethod" is-config="true" duration-ms="153" started-at="2020-07-16T22:10:15Z" finished-at="2020-07-16T22:10:15Z">
          <params>
            <param index="0">
              <value>
                <![CDATA[public void com.qa.tests.Scenario1.test2() throws java.lang.Exception]]>
              </value>
            </param>
          </params>
          <reporter-output>
          </reporter-output>
        </test-method> <!-- beforeMethod -->
        <test-method status="PASS" signature="test2()[pri:0, instance:com.qa.tests.Scenario1@4b553d26]" name="test2" duration-ms="140633" started-at="2020-07-16T22:10:15Z" finished-at="2020-07-16T22:12:36Z">
          <reporter-output>
          </reporter-output>
        </test-method> <!-- test2 -->
        <test-method status="PASS" signature="afterMethod()[pri:0, instance:com.qa.tests.Scenario1@4b553d26]" name="afterMethod" is-config="true" duration-ms="1" started-at="2020-07-16T22:12:36Z" finished-at="2020-07-16T22:12:36Z">
          <reporter-output>
          </reporter-output>
        </test-method> <!-- afterMethod -->
        <test-method status="PASS" signature="afterMethod(org.testng.ITestResult)[pri:0, instance:com.qa.tests.Scenario1@4b553d26]" name="afterMethod" is-config="true" duration-ms="4755" started-at="2020-07-16T22:12:36Z" finished-at="2020-07-16T22:12:41Z">
          <params>
            <param index="0">
              <value>
                <![CDATA[[TestResult name=test2 status=SUCCESS method=Scenario1.test2()[pri:0, instance:com.qa.tests.Scenario1@4b553d26] output={null}]]]>
              </value>
            </param>
          </params>
          <reporter-output>
          </reporter-output>
        </test-method> <!-- afterMethod -->
        <test-method status="PASS" signature="afterClass()[pri:0, instance:com.qa.tests.Scenario1@4b553d26]" name="afterClass" is-config="true" duration-ms="0" started-at="2020-07-16T22:12:41Z" finished-at="2020-07-16T22:12:41Z">
          <reporter-output>
          </reporter-output>
        </test-method> <!-- afterClass -->
        <test-method status="PASS" signature="afterTest()[pri:0, instance:com.qa.tests.Scenario1@4b553d26]" name="afterTest" is-config="true" duration-ms="6051" started-at="2020-07-16T22:12:41Z" finished-at="2020-07-16T22:12:47Z">
          <reporter-output>
          </reporter-output>
        </test-method> <!-- afterTest -->
      </class> <!-- com.qa.tests.Scenario1 -->
    </test> <!-- iPhone6Real -->
  </suite> <!-- Suite -->
</testng-results>
