<?xml version="1.0" encoding="UTF-8"?>
<testng-results skipped="0" failed="0" ignored="0" total="1" passed="1">
  <reporter-output>
  </reporter-output>
  <suite name="Suite" duration-ms="146577" started-at="2020-07-10T04:03:17Z" finished-at="2020-07-10T04:05:43Z">
    <groups>
    </groups>
    <test name="iPhone6Real" duration-ms="146577" started-at="2020-07-10T04:03:17Z" finished-at="2020-07-10T04:05:43Z">
      <class name="com.qa.tests.Scenario">
        <test-method status="PASS" signature="beforeTest(java.lang.String, java.lang.String, java.lang.String, java.lang.String)[pri:0, instance:com.qa.tests.Scenario@78e67e0a]" name="beforeTest" is-config="true" duration-ms="4324" started-at="2020-07-10T04:03:17Z" finished-at="2020-07-10T04:03:21Z">
          <params>
            <param index="0">
              <value>
                <![CDATA[iOS]]>
              </value>
            </param>
            <param index="1">
              <value>
                <![CDATA[8002e513b609914046f344f8cea0044663c33950]]>
              </value>
            </param>
            <param index="2">
              <value>
                <![CDATA[iPhone]]>
              </value>
            </param>
            <param index="3">
              <value>
                <![CDATA[13.4.1]]>
              </value>
            </param>
          </params>
          <reporter-output>
          </reporter-output>
        </test-method> <!-- beforeTest -->
        <test-method status="PASS" signature="beforeClass()[pri:0, instance:com.qa.tests.Scenario@78e67e0a]" name="beforeClass" is-config="true" duration-ms="0" started-at="2020-07-10T04:03:21Z" finished-at="2020-07-10T04:03:21Z">
          <reporter-output>
          </reporter-output>
        </test-method> <!-- beforeClass -->
        <test-method status="PASS" signature="beforeMethod()[pri:0, instance:com.qa.tests.Scenario@78e67e0a]" name="beforeMethod" is-config="true" duration-ms="1" started-at="2020-07-10T04:03:21Z" finished-at="2020-07-10T04:03:21Z">
          <reporter-output>
          </reporter-output>
        </test-method> <!-- beforeMethod -->
        <test-method status="PASS" signature="beforeMethod(java.lang.reflect.Method)[pri:0, instance:com.qa.tests.Scenario@78e67e0a]" name="beforeMethod" is-config="true" duration-ms="229" started-at="2020-07-10T04:03:21Z" finished-at="2020-07-10T04:03:21Z">
          <params>
            <param index="0">
              <value>
                <![CDATA[public void com.qa.tests.Scenario.test3() throws java.lang.Exception]]>
              </value>
            </param>
          </params>
          <reporter-output>
          </reporter-output>
        </test-method> <!-- beforeMethod -->
        <test-method status="PASS" signature="test3()[pri:0, instance:com.qa.tests.Scenario@78e67e0a]" name="test3" duration-ms="135950" started-at="2020-07-10T04:03:21Z" finished-at="2020-07-10T04:05:37Z">
          <reporter-output>
          </reporter-output>
        </test-method> <!-- test3 -->
        <test-method status="PASS" signature="afterMethod()[pri:0, instance:com.qa.tests.Scenario@78e67e0a]" name="afterMethod" is-config="true" duration-ms="0" started-at="2020-07-10T04:05:37Z" finished-at="2020-07-10T04:05:37Z">
          <reporter-output>
          </reporter-output>
        </test-method> <!-- afterMethod -->
        <test-method status="PASS" signature="afterMethod(org.testng.ITestResult)[pri:0, instance:com.qa.tests.Scenario@78e67e0a]" name="afterMethod" is-config="true" duration-ms="1" started-at="2020-07-10T04:05:37Z" finished-at="2020-07-10T04:05:37Z">
          <params>
            <param index="0">
              <value>
                <![CDATA[[TestResult name=test3 status=SUCCESS method=Scenario.test3()[pri:0, instance:com.qa.tests.Scenario@78e67e0a] output={null}]]]>
              </value>
            </param>
          </params>
          <reporter-output>
          </reporter-output>
        </test-method> <!-- afterMethod -->
        <test-method status="PASS" signature="afterClass()[pri:0, instance:com.qa.tests.Scenario@78e67e0a]" name="afterClass" is-config="true" duration-ms="0" started-at="2020-07-10T04:05:37Z" finished-at="2020-07-10T04:05:37Z">
          <reporter-output>
          </reporter-output>
        </test-method> <!-- afterClass -->
        <test-method status="PASS" signature="afterTest()[pri:0, instance:com.qa.tests.Scenario@78e67e0a]" name="afterTest" is-config="true" duration-ms="6042" started-at="2020-07-10T04:05:37Z" finished-at="2020-07-10T04:05:43Z">
          <reporter-output>
          </reporter-output>
        </test-method> <!-- afterTest -->
      </class> <!-- com.qa.tests.Scenario -->
    </test> <!-- iPhone6Real -->
  </suite> <!-- Suite -->
</testng-results>
